<?xml version="1.0" encoding="UTF-8"?>
<testng-results skipped="2" failed="0" ignored="0" total="7" passed="5">
  <reporter-output>
    <line>
      <![CDATA[Bank Manager Login Done]]>
    </line>
    <line>
      <![CDATA[Customer Added Successfully]]>
    </line>
    <line>
      <![CDATA[<a href="ImagePath.jpg">Screenshot</a>]]>
    </line>
    <line>
      <![CDATA[Customer Added Successfully]]>
    </line>
    <line>
      <![CDATA[<a href="ImagePath.jpg">Screenshot</a>]]>
    </line>
  </reporter-output>
  <suite name="Data Driven Framework" duration-ms="5445" started-at="2019-11-08T19:22:49Z" finished-at="2019-11-08T19:22:54Z">
    <groups>
    </groups>
    <test name="Bank Manager Login Test" duration-ms="937" started-at="2019-11-08T19:22:49Z" finished-at="2019-11-08T19:22:50Z">
      <class name="testCases.BankManagerLoginTest">
        <test-method status="PASS" signature="bankManagerLoginTest()[pri:0, instance:testCases.BankManagerLoginTest@2bfc268b]" name="bankManagerLoginTest" duration-ms="432" started-at="2019-11-08T19:22:49Z" finished-at="2019-11-08T19:22:49Z">
          <reporter-output>
            <line>
              <![CDATA[Bank Manager Login Done]]>
            </line>
          </reporter-output>
        </test-method> <!-- bankManagerLoginTest -->
      </class> <!-- testCases.BankManagerLoginTest -->
    </test> <!-- Bank Manager Login Test -->
    <test name="Add Customer Test" duration-ms="2483" started-at="2019-11-08T19:22:50Z" finished-at="2019-11-08T19:22:52Z">
      <class name="testCases.AddCustomerTest">
        <test-method status="PASS" signature="addCustomerTest(java.util.Hashtable)[pri:0, instance:testCases.AddCustomerTest@5f9b2141]" name="addCustomerTest" duration-ms="1264" started-at="2019-11-08T19:22:50Z" data-provider="dp" finished-at="2019-11-08T19:22:51Z">
          <params>
            <param index="0">
              <value>
                <![CDATA[{postCode=75093.0, lastName=Anand, firstName=Swati, runmode=Y, alertText=Customer added successfully}]]>
              </value>
            </param>
          </params>
          <reporter-output>
            <line>
              <![CDATA[Customer Added Successfully]]>
            </line>
            <line>
              <![CDATA[<a href="ImagePath.jpg">Screenshot</a>]]>
            </line>
          </reporter-output>
        </test-method> <!-- addCustomerTest -->
        <test-method status="PASS" signature="addCustomerTest(java.util.Hashtable)[pri:0, instance:testCases.AddCustomerTest@5f9b2141]" name="addCustomerTest" duration-ms="682" started-at="2019-11-08T19:22:51Z" data-provider="dp" finished-at="2019-11-08T19:22:52Z">
          <params>
            <param index="0">
              <value>
                <![CDATA[{postCode=6972.0, lastName=Anand, firstName=rachit, runmode=Y, alertText=Customer added successfully}]]>
              </value>
            </param>
          </params>
          <reporter-output>
            <line>
              <![CDATA[Customer Added Successfully]]>
            </line>
            <line>
              <![CDATA[<a href="ImagePath.jpg">Screenshot</a>]]>
            </line>
          </reporter-output>
        </test-method> <!-- addCustomerTest -->
        <test-method status="SKIP" signature="addCustomerTest(java.util.Hashtable)[pri:0, instance:testCases.AddCustomerTest@5f9b2141]" name="addCustomerTest" duration-ms="3" started-at="2019-11-08T19:22:52Z" data-provider="dp" finished-at="2019-11-08T19:22:52Z">
          <params>
            <param index="0">
              <value>
                <![CDATA[{postCode=92685.0, lastName=sharma, firstName=swati, runmode=N, alertText=Customer added successfully}]]>
              </value>
            </param>
          </params>
          <exception class="org.testng.SkipException">
            <message>
              <![CDATA[Skipping the test case as the runmode for this test is NO]]>
            </message>
            <full-stacktrace>
              <![CDATA[org.testng.SkipException: Skipping the test case as the runmode for this test is NO
at testCases.AddCustomerTest.addCustomerTest(AddCustomerTest.java:26)
at sun.reflect.NativeMethodAccessorImpl.invoke0(Native Method)
at sun.reflect.NativeMethodAccessorImpl.invoke(NativeMethodAccessorImpl.java:62)
at sun.reflect.DelegatingMethodAccessorImpl.invoke(DelegatingMethodAccessorImpl.java:43)
at java.lang.reflect.Method.invoke(Method.java:498)
at org.testng.internal.MethodInvocationHelper.invokeMethod(MethodInvocationHelper.java:124)
at org.testng.internal.Invoker.invokeMethod(Invoker.java:583)
at org.testng.internal.Invoker.invokeTestMethod(Invoker.java:719)
at org.testng.internal.Invoker.invokeTestMethods(Invoker.java:989)
at org.testng.internal.TestMethodWorker.invokeTestMethods(TestMethodWorker.java:125)
at org.testng.internal.TestMethodWorker.run(TestMethodWorker.java:109)
at org.testng.TestRunner.privateRun(TestRunner.java:648)
at org.testng.TestRunner.run(TestRunner.java:505)
at org.testng.SuiteRunner.runTest(SuiteRunner.java:455)
at org.testng.SuiteRunner.runSequentially(SuiteRunner.java:450)
at org.testng.SuiteRunner.privateRun(SuiteRunner.java:415)
at org.testng.SuiteRunner.run(SuiteRunner.java:364)
at org.testng.SuiteRunnerWorker.runSuite(SuiteRunnerWorker.java:52)
at org.testng.SuiteRunnerWorker.run(SuiteRunnerWorker.java:84)
at org.testng.TestNG.runSuitesSequentially(TestNG.java:1208)
at org.testng.TestNG.runSuitesLocally(TestNG.java:1137)
at org.testng.TestNG.runSuites(TestNG.java:1049)
at org.testng.TestNG.run(TestNG.java:1017)
at org.apache.maven.surefire.testng.TestNGExecutor.run(TestNGExecutor.java:295)
at org.apache.maven.surefire.testng.TestNGXmlTestSuite.execute(TestNGXmlTestSuite.java:84)
at org.apache.maven.surefire.testng.TestNGProvider.invoke(TestNGProvider.java:90)
at org.apache.maven.surefire.booter.ForkedBooter.invokeProviderInSameClassLoader(ForkedBooter.java:203)
at org.apache.maven.surefire.booter.ForkedBooter.runSuitesInProcess(ForkedBooter.java:155)
at org.apache.maven.surefire.booter.ForkedBooter.main(ForkedBooter.java:103)
]]>
            </full-stacktrace>
          </exception> <!-- org.testng.SkipException -->
          <reporter-output>
          </reporter-output>
        </test-method> <!-- addCustomerTest -->
      </class> <!-- testCases.AddCustomerTest -->
    </test> <!-- Add Customer Test -->
    <test name="Open Account Test" duration-ms="1927" started-at="2019-11-08T19:22:52Z" finished-at="2019-11-08T19:22:54Z">
      <class name="testCases.OpenAccountTest">
        <test-method status="PASS" signature="setUp()[pri:0, instance:testCases.OpenAccountTest@6d3a388c]" name="setUp" is-config="true" duration-ms="14420" started-at="2019-11-08T19:22:34Z" finished-at="2019-11-08T19:22:49Z">
          <reporter-output>
          </reporter-output>
        </test-method> <!-- setUp -->
        <test-method status="PASS" signature="openAccountTest(java.util.Hashtable)[pri:0, instance:testCases.OpenAccountTest@6d3a388c]" name="openAccountTest" duration-ms="916" started-at="2019-11-08T19:22:52Z" data-provider="dp" finished-at="2019-11-08T19:22:53Z">
          <params>
            <param index="0">
              <value>
                <![CDATA[{currency=Rupee, runmode=Y, customer=Swati Anand}]]>
              </value>
            </param>
          </params>
          <reporter-output>
          </reporter-output>
        </test-method> <!-- openAccountTest -->
        <test-method status="PASS" signature="openAccountTest(java.util.Hashtable)[pri:0, instance:testCases.OpenAccountTest@6d3a388c]" name="openAccountTest" duration-ms="497" started-at="2019-11-08T19:22:53Z" data-provider="dp" finished-at="2019-11-08T19:22:54Z">
          <params>
            <param index="0">
              <value>
                <![CDATA[{currency=Rupee, runmode=Y, customer=rachit Anand}]]>
              </value>
            </param>
          </params>
          <reporter-output>
          </reporter-output>
        </test-method> <!-- openAccountTest -->
        <test-method status="SKIP" signature="openAccountTest(java.util.Hashtable)[pri:0, instance:testCases.OpenAccountTest@6d3a388c]" name="openAccountTest" duration-ms="1" started-at="2019-11-08T19:22:54Z" data-provider="dp" finished-at="2019-11-08T19:22:54Z">
          <params>
            <param index="0">
              <value>
                <![CDATA[{currency=Rupee, runmode=N, customer=swati sharma}]]>
              </value>
            </param>
          </params>
          <exception class="org.testng.SkipException">
            <message>
              <![CDATA[Skipping the test case as the runmode for this test is NO]]>
            </message>
            <full-stacktrace>
              <![CDATA[org.testng.SkipException: Skipping the test case as the runmode for this test is NO
at testCases.OpenAccountTest.openAccountTest(OpenAccountTest.java:29)
at sun.reflect.NativeMethodAccessorImpl.invoke0(Native Method)
at sun.reflect.NativeMethodAccessorImpl.invoke(NativeMethodAccessorImpl.java:62)
at sun.reflect.DelegatingMethodAccessorImpl.invoke(DelegatingMethodAccessorImpl.java:43)
at java.lang.reflect.Method.invoke(Method.java:498)
at org.testng.internal.MethodInvocationHelper.invokeMethod(MethodInvocationHelper.java:124)
at org.testng.internal.Invoker.invokeMethod(Invoker.java:583)
at org.testng.internal.Invoker.invokeTestMethod(Invoker.java:719)
at org.testng.internal.Invoker.invokeTestMethods(Invoker.java:989)
at org.testng.internal.TestMethodWorker.invokeTestMethods(TestMethodWorker.java:125)
at org.testng.internal.TestMethodWorker.run(TestMethodWorker.java:109)
at org.testng.TestRunner.privateRun(TestRunner.java:648)
at org.testng.TestRunner.run(TestRunner.java:505)
at org.testng.SuiteRunner.runTest(SuiteRunner.java:455)
at org.testng.SuiteRunner.runSequentially(SuiteRunner.java:450)
at org.testng.SuiteRunner.privateRun(SuiteRunner.java:415)
at org.testng.SuiteRunner.run(SuiteRunner.java:364)
at org.testng.SuiteRunnerWorker.runSuite(SuiteRunnerWorker.java:52)
at org.testng.SuiteRunnerWorker.run(SuiteRunnerWorker.java:84)
at org.testng.TestNG.runSuitesSequentially(TestNG.java:1208)
at org.testng.TestNG.runSuitesLocally(TestNG.java:1137)
at org.testng.TestNG.runSuites(TestNG.java:1049)
at org.testng.TestNG.run(TestNG.java:1017)
at org.apache.maven.surefire.testng.TestNGExecutor.run(TestNGExecutor.java:295)
at org.apache.maven.surefire.testng.TestNGXmlTestSuite.execute(TestNGXmlTestSuite.java:84)
at org.apache.maven.surefire.testng.TestNGProvider.invoke(TestNGProvider.java:90)
at org.apache.maven.surefire.booter.ForkedBooter.invokeProviderInSameClassLoader(ForkedBooter.java:203)
at org.apache.maven.surefire.booter.ForkedBooter.runSuitesInProcess(ForkedBooter.java:155)
at org.apache.maven.surefire.booter.ForkedBooter.main(ForkedBooter.java:103)
]]>
            </full-stacktrace>
          </exception> <!-- org.testng.SkipException -->
          <reporter-output>
          </reporter-output>
        </test-method> <!-- openAccountTest -->
        <test-method status="PASS" signature="tearDown()[pri:0, instance:testCases.OpenAccountTest@6d3a388c]" name="tearDown" is-config="true" duration-ms="9036" started-at="2019-11-08T19:22:54Z" finished-at="2019-11-08T19:23:03Z">
          <reporter-output>
          </reporter-output>
        </test-method> <!-- tearDown -->
      </class> <!-- testCases.OpenAccountTest -->
    </test> <!-- Open Account Test -->
  </suite> <!-- Data Driven Framework -->
</testng-results>
